<?xml version="1.0" encoding="UTF-8"?>
<!-- Generated by org.testng.reporters.JUnitReportReporter -->
<testsuite skipped="0" hostname="vukolova" name="ru.lesson4.FirstTest" tests="1" failures="0" timestamp="08 мая 2018 14:44:53 GMT" time="0.005" errors="0">
  <testcase name="test4" time="0.005" classname="ru.lesson4.FirstTest"/>
</testsuite> <!-- ru.lesson4.FirstTest -->
