<?xml version="1.0" encoding="UTF-8"?>
<!-- Generated by org.testng.reporters.JUnitReportReporter -->
<testsuite skipped="0" hostname="Vika" name="ru.lesson4.FirstTest" tests="4" failures="0" timestamp="12 мая 2018 21:00:31 GMT" time="2.464" errors="0">
  <testcase name="test2" time="0.928" classname="ru.lesson4.FirstTest"/>
  <testcase name="test1" time="0.729" classname="ru.lesson4.FirstTest"/>
  <testcase name="test3" time="0.807" classname="ru.lesson4.FirstTest"/>
  <testcase name="test4" time="0.000" classname="ru.lesson4.FirstTest"/>
</testsuite> <!-- ru.lesson4.FirstTest -->
