<?xml version="1.0" encoding="UTF-8"?>
<testsuite xmlns:xsi="http://www.w3.org/2001/XMLSchema-instance" xsi:noNamespaceSchemaLocation="https://maven.apache.org/surefire/maven-surefire-plugin/xsd/surefire-test-report.xsd" name="TestSuite" time="22.616" tests="1" errors="0" skipped="0" failures="1">
  <properties>
    <property name="sun.desktop" value="windows"/>
    <property name="awt.toolkit" value="sun.awt.windows.WToolkit"/>
    <property name="file.encoding.pkg" value="sun.io"/>
    <property name="java.specification.version" value="1.8"/>
    <property name="webdriver.chrome.driver" value="/Library/WebDriver/chrome/chromedriver"/>
    <property name="sun.cpu.isalist" value="pentium_pro+mmx pentium_pro pentium+mmx pentium i486 i386 i86"/>
    <property name="sun.jnu.encoding" value="Cp1251"/>
    <property name="java.class.path" value="F:\IdeaProjects\OTUS\MyHomeWork\forGitHub\TempTemp\JDIFirstExample\target\test-classes;F:\IdeaProjects\OTUS\MyHomeWork\forGitHub\TempTemp\JDIFirstExample\target\classes;C:\Users\Vika I\.m2\repository\com\epam\jdi\jdi-uitest-web\1.1.18\jdi-uitest-web-1.1.18.jar;C:\Users\Vika I\.m2\repository\com\saucelabs\sauce_junit\2.1.23\sauce_junit-2.1.23.jar;C:\Users\Vika I\.m2\repository\com\saucelabs\sauce_java_common\2.1.23\sauce_java_common-2.1.23.jar;C:\Users\Vika I\.m2\repository\com\saucelabs\saucerest\1.0.32\saucerest-1.0.32.jar;C:\Users\Vika I\.m2\repository\com\googlecode\json-simple\json-simple\1.1.1\json-simple-1.1.1.jar;C:\Users\Vika I\.m2\repository\org\json\json\20090211\json-20090211.jar;C:\Users\Vika I\.m2\repository\com\epam\jdi\jdi-uitest-core\1.1.18\jdi-uitest-core-1.1.18.jar;C:\Users\Vika I\.m2\repository\com\epam\jdi\jdi-commons\1.1.18\jdi-commons-1.1.18.jar;C:\Users\Vika I\.m2\repository\ru\yandex\qatools\allure\allure-java-annotations\1.5.4\allure-java-annotations-1.5.4.jar;C:\Users\Vika I\.m2\repository\ru\yandex\qatools\allure\allure-model\1.5.4\allure-model-1.5.4.jar;C:\Users\Vika I\.m2\repository\org\jvnet\jaxb2_commons\jaxb2-basics-runtime\0.9.3\jaxb2-basics-runtime-0.9.3.jar;C:\Users\Vika I\.m2\repository\ru\qatools\commons\properties\2.0.RC5\properties-2.0.RC5.jar;C:\Users\Vika I\.m2\repository\org\slf4j\slf4j-log4j12\1.8.0-beta2\slf4j-log4j12-1.8.0-beta2.jar;C:\Users\Vika I\.m2\repository\com\codeborne\selenide\4.11.4\selenide-4.11.4.jar;C:\Users\Vika I\.m2\repository\net\lightbody\bmp\browsermob-core\2.1.5\browsermob-core-2.1.5.jar;C:\Users\Vika I\.m2\repository\net\lightbody\bmp\littleproxy\1.1.0-beta-bmp-17\littleproxy-1.1.0-beta-bmp-17.jar;C:\Users\Vika I\.m2\repository\com\fasterxml\jackson\core\jackson-core\2.8.9\jackson-core-2.8.9.jar;C:\Users\Vika I\.m2\repository\com\fasterxml\jackson\core\jackson-databind\2.8.9\jackson-databind-2.8.9.jar;C:\Users\Vika I\.m2\repository\com\fasterxml\jackson\core\jackson-annotations\2.8.9\jackson-annotations-2.8.9.jar;C:\Users\Vika I\.m2\repository\dnsjava\dnsjava\2.1.8\dnsjava-2.1.8.jar;C:\Users\Vika I\.m2\repository\org\slf4j\jcl-over-slf4j\1.7.25\jcl-over-slf4j-1.7.25.jar;C:\Users\Vika I\.m2\repository\com\jcraft\jzlib\1.1.3\jzlib-1.1.3.jar;C:\Users\Vika I\.m2\repository\io\netty\netty-all\4.0.51.Final\netty-all-4.0.51.Final.jar;C:\Users\Vika I\.m2\repository\org\bouncycastle\bcprov-jdk15on\1.58\bcprov-jdk15on-1.58.jar;C:\Users\Vika I\.m2\repository\org\bouncycastle\bcpkix-jdk15on\1.58\bcpkix-jdk15on-1.58.jar;C:\Users\Vika I\.m2\repository\net\lightbody\bmp\mitm\2.1.5\mitm-2.1.5.jar;C:\Users\Vika I\.m2\repository\com\epam\jdi\jdi-matchers\1.1.18\jdi-matchers-1.1.18.jar;C:\Users\Vika I\.m2\repository\net\lingala\zip4j\zip4j\1.3.2\zip4j-1.3.2.jar;C:\Users\Vika I\.m2\repository\org\seleniumhq\selenium\selenium-java\3.12.0\selenium-java-3.12.0.jar;C:\Users\Vika I\.m2\repository\org\seleniumhq\selenium\selenium-api\3.12.0\selenium-api-3.12.0.jar;C:\Users\Vika I\.m2\repository\org\seleniumhq\selenium\selenium-chrome-driver\3.12.0\selenium-chrome-driver-3.12.0.jar;C:\Users\Vika I\.m2\repository\org\seleniumhq\selenium\selenium-edge-driver\3.12.0\selenium-edge-driver-3.12.0.jar;C:\Users\Vika I\.m2\repository\org\seleniumhq\selenium\selenium-firefox-driver\3.12.0\selenium-firefox-driver-3.12.0.jar;C:\Users\Vika I\.m2\repository\org\seleniumhq\selenium\selenium-ie-driver\3.12.0\selenium-ie-driver-3.12.0.jar;C:\Users\Vika I\.m2\repository\org\seleniumhq\selenium\selenium-opera-driver\3.12.0\selenium-opera-driver-3.12.0.jar;C:\Users\Vika I\.m2\repository\org\seleniumhq\selenium\selenium-safari-driver\3.12.0\selenium-safari-driver-3.12.0.jar;C:\Users\Vika I\.m2\repository\org\seleniumhq\selenium\selenium-support\3.12.0\selenium-support-3.12.0.jar;C:\Users\Vika I\.m2\repository\net\bytebuddy\byte-buddy\1.8.3\byte-buddy-1.8.3.jar;C:\Users\Vika I\.m2\repository\org\apache\commons\commons-exec\1.3\commons-exec-1.3.jar;C:\Users\Vika I\.m2\repository\commons-codec\commons-codec\1.10\commons-codec-1.10.jar;C:\Users\Vika I\.m2\repository\commons-logging\commons-logging\1.2\commons-logging-1.2.jar;C:\Users\Vika I\.m2\repository\com\google\guava\guava\23.6-jre\guava-23.6-jre.jar;C:\Users\Vika I\.m2\repository\com\google\code\findbugs\jsr305\1.3.9\jsr305-1.3.9.jar;C:\Users\Vika I\.m2\repository\org\checkerframework\checker-compat-qual\2.0.0\checker-compat-qual-2.0.0.jar;C:\Users\Vika I\.m2\repository\com\google\errorprone\error_prone_annotations\2.1.3\error_prone_annotations-2.1.3.jar;C:\Users\Vika I\.m2\repository\com\google\j2objc\j2objc-annotations\1.1\j2objc-annotations-1.1.jar;C:\Users\Vika I\.m2\repository\org\codehaus\mojo\animal-sniffer-annotations\1.14\animal-sniffer-annotations-1.14.jar;C:\Users\Vika I\.m2\repository\org\apache\httpcomponents\httpcore\4.4.6\httpcore-4.4.6.jar;C:\Users\Vika I\.m2\repository\com\squareup\okhttp3\okhttp\3.9.1\okhttp-3.9.1.jar;C:\Users\Vika I\.m2\repository\com\squareup\okio\okio\1.13.0\okio-1.13.0.jar;C:\Users\Vika I\.m2\repository\com\google\guava\guava-gwt\25.1-jre\guava-gwt-25.1-jre.jar;C:\Users\Vika I\.m2\repository\org\testng\testng\6.11\testng-6.11.jar;C:\Users\Vika I\.m2\repository\com\beust\jcommander\1.64\jcommander-1.64.jar;C:\Users\Vika I\.m2\repository\org\yaml\snakeyaml\1.17\snakeyaml-1.17.jar;C:\Users\Vika I\.m2\repository\log4j\log4j\1.2.16\log4j-1.2.16.jar;C:\Users\Vika I\.m2\repository\junit\junit\4.12\junit-4.12.jar;C:\Users\Vika I\.m2\repository\org\hamcrest\hamcrest-core\1.3\hamcrest-core-1.3.jar;C:\Users\Vika I\.m2\repository\org\seleniumhq\selenium\selenium-remote-driver\3.12.0\selenium-remote-driver-3.12.0.jar;C:\Users\Vika I\.m2\repository\ru\yandex\qatools\allure\allure-java-adaptor-api\1.5.4\allure-java-adaptor-api-1.5.4.jar;C:\Users\Vika I\.m2\repository\org\apache\tika\tika-core\1.7\tika-core-1.7.jar;C:\Users\Vika I\.m2\repository\org\slf4j\slf4j-api\1.8.0-beta2\slf4j-api-1.8.0-beta2.jar;C:\Users\Vika I\.m2\repository\io\github\bonigarcia\webdrivermanager\2.2.1\webdrivermanager-2.2.1.jar;C:\Users\Vika I\.m2\repository\commons-io\commons-io\2.5\commons-io-2.5.jar;C:\Users\Vika I\.m2\repository\com\google\code\gson\gson\2.8.0\gson-2.8.0.jar;C:\Users\Vika I\.m2\repository\org\apache\commons\commons-lang3\3.5\commons-lang3-3.5.jar;C:\Users\Vika I\.m2\repository\org\apache\httpcomponents\httpclient\4.5.3\httpclient-4.5.3.jar;C:\Users\Vika I\.m2\repository\org\rauschig\jarchivelib\0.7.1\jarchivelib-0.7.1.jar;C:\Users\Vika I\.m2\repository\org\apache\commons\commons-compress\1.9\commons-compress-1.9.jar;C:\Users\Vika I\.m2\repository\org\jsoup\jsoup\1.10.2\jsoup-1.10.2.jar;C:\Users\Vika I\.m2\repository\ch\qos\logback\logback-classic\1.2.3\logback-classic-1.2.3.jar;C:\Users\Vika I\.m2\repository\ch\qos\logback\logback-core\1.2.3\logback-core-1.2.3.jar;C:\Users\Vika I\.m2\repository\org\apache\maven\surefire\surefire-testng-utils\2.21.0\surefire-testng-utils-2.21.0.jar;C:\Users\Vika I\.m2\repository\org\apache\maven\surefire\surefire-grouper\2.21.0\surefire-grouper-2.21.0.jar;"/>
    <property name="java.vm.vendor" value="Oracle Corporation"/>
    <property name="sun.arch.data.model" value="32"/>
    <property name="user.variant" value=""/>
    <property name="java.vendor.url" value="http://java.oracle.com/"/>
    <property name="user.timezone" value=""/>
    <property name="java.vm.specification.version" value="1.8"/>
    <property name="os.name" value="Windows 8.1"/>
    <property name="user.country" value="RU"/>
    <property name="sun.java.launcher" value="SUN_STANDARD"/>
    <property name="sun.boot.library.path" value="C:\Java\jdk1.8.0_152\jre\bin"/>
    <property name="sun.java.command" value="C:\Users\VIKAI~1\AppData\Local\Temp\surefire6862250446452228330\surefirebooter6255701831215034735.jar C:\Users\Vika I\AppData\Local\Temp\surefire6862250446452228330 2018-05-28T00-21-17_574-jvmRun1 surefire6289136137120276412tmp surefire_08831833071371628468tmp"/>
    <property name="surefire.test.class.path" value="F:\IdeaProjects\OTUS\MyHomeWork\forGitHub\TempTemp\JDIFirstExample\target\test-classes;F:\IdeaProjects\OTUS\MyHomeWork\forGitHub\TempTemp\JDIFirstExample\target\classes;C:\Users\Vika I\.m2\repository\com\epam\jdi\jdi-uitest-web\1.1.18\jdi-uitest-web-1.1.18.jar;C:\Users\Vika I\.m2\repository\com\saucelabs\sauce_junit\2.1.23\sauce_junit-2.1.23.jar;C:\Users\Vika I\.m2\repository\com\saucelabs\sauce_java_common\2.1.23\sauce_java_common-2.1.23.jar;C:\Users\Vika I\.m2\repository\com\saucelabs\saucerest\1.0.32\saucerest-1.0.32.jar;C:\Users\Vika I\.m2\repository\com\googlecode\json-simple\json-simple\1.1.1\json-simple-1.1.1.jar;C:\Users\Vika I\.m2\repository\org\json\json\20090211\json-20090211.jar;C:\Users\Vika I\.m2\repository\com\epam\jdi\jdi-uitest-core\1.1.18\jdi-uitest-core-1.1.18.jar;C:\Users\Vika I\.m2\repository\com\epam\jdi\jdi-commons\1.1.18\jdi-commons-1.1.18.jar;C:\Users\Vika I\.m2\repository\ru\yandex\qatools\allure\allure-java-annotations\1.5.4\allure-java-annotations-1.5.4.jar;C:\Users\Vika I\.m2\repository\ru\yandex\qatools\allure\allure-model\1.5.4\allure-model-1.5.4.jar;C:\Users\Vika I\.m2\repository\org\jvnet\jaxb2_commons\jaxb2-basics-runtime\0.9.3\jaxb2-basics-runtime-0.9.3.jar;C:\Users\Vika I\.m2\repository\ru\qatools\commons\properties\2.0.RC5\properties-2.0.RC5.jar;C:\Users\Vika I\.m2\repository\org\slf4j\slf4j-log4j12\1.8.0-beta2\slf4j-log4j12-1.8.0-beta2.jar;C:\Users\Vika I\.m2\repository\com\codeborne\selenide\4.11.4\selenide-4.11.4.jar;C:\Users\Vika I\.m2\repository\net\lightbody\bmp\browsermob-core\2.1.5\browsermob-core-2.1.5.jar;C:\Users\Vika I\.m2\repository\net\lightbody\bmp\littleproxy\1.1.0-beta-bmp-17\littleproxy-1.1.0-beta-bmp-17.jar;C:\Users\Vika I\.m2\repository\com\fasterxml\jackson\core\jackson-core\2.8.9\jackson-core-2.8.9.jar;C:\Users\Vika I\.m2\repository\com\fasterxml\jackson\core\jackson-databind\2.8.9\jackson-databind-2.8.9.jar;C:\Users\Vika I\.m2\repository\com\fasterxml\jackson\core\jackson-annotations\2.8.9\jackson-annotations-2.8.9.jar;C:\Users\Vika I\.m2\repository\dnsjava\dnsjava\2.1.8\dnsjava-2.1.8.jar;C:\Users\Vika I\.m2\repository\org\slf4j\jcl-over-slf4j\1.7.25\jcl-over-slf4j-1.7.25.jar;C:\Users\Vika I\.m2\repository\com\jcraft\jzlib\1.1.3\jzlib-1.1.3.jar;C:\Users\Vika I\.m2\repository\io\netty\netty-all\4.0.51.Final\netty-all-4.0.51.Final.jar;C:\Users\Vika I\.m2\repository\org\bouncycastle\bcprov-jdk15on\1.58\bcprov-jdk15on-1.58.jar;C:\Users\Vika I\.m2\repository\org\bouncycastle\bcpkix-jdk15on\1.58\bcpkix-jdk15on-1.58.jar;C:\Users\Vika I\.m2\repository\net\lightbody\bmp\mitm\2.1.5\mitm-2.1.5.jar;C:\Users\Vika I\.m2\repository\com\epam\jdi\jdi-matchers\1.1.18\jdi-matchers-1.1.18.jar;C:\Users\Vika I\.m2\repository\net\lingala\zip4j\zip4j\1.3.2\zip4j-1.3.2.jar;C:\Users\Vika I\.m2\repository\org\seleniumhq\selenium\selenium-java\3.12.0\selenium-java-3.12.0.jar;C:\Users\Vika I\.m2\repository\org\seleniumhq\selenium\selenium-api\3.12.0\selenium-api-3.12.0.jar;C:\Users\Vika I\.m2\repository\org\seleniumhq\selenium\selenium-chrome-driver\3.12.0\selenium-chrome-driver-3.12.0.jar;C:\Users\Vika I\.m2\repository\org\seleniumhq\selenium\selenium-edge-driver\3.12.0\selenium-edge-driver-3.12.0.jar;C:\Users\Vika I\.m2\repository\org\seleniumhq\selenium\selenium-firefox-driver\3.12.0\selenium-firefox-driver-3.12.0.jar;C:\Users\Vika I\.m2\repository\org\seleniumhq\selenium\selenium-ie-driver\3.12.0\selenium-ie-driver-3.12.0.jar;C:\Users\Vika I\.m2\repository\org\seleniumhq\selenium\selenium-opera-driver\3.12.0\selenium-opera-driver-3.12.0.jar;C:\Users\Vika I\.m2\repository\org\seleniumhq\selenium\selenium-safari-driver\3.12.0\selenium-safari-driver-3.12.0.jar;C:\Users\Vika I\.m2\repository\org\seleniumhq\selenium\selenium-support\3.12.0\selenium-support-3.12.0.jar;C:\Users\Vika I\.m2\repository\net\bytebuddy\byte-buddy\1.8.3\byte-buddy-1.8.3.jar;C:\Users\Vika I\.m2\repository\org\apache\commons\commons-exec\1.3\commons-exec-1.3.jar;C:\Users\Vika I\.m2\repository\commons-codec\commons-codec\1.10\commons-codec-1.10.jar;C:\Users\Vika I\.m2\repository\commons-logging\commons-logging\1.2\commons-logging-1.2.jar;C:\Users\Vika I\.m2\repository\com\google\guava\guava\23.6-jre\guava-23.6-jre.jar;C:\Users\Vika I\.m2\repository\com\google\code\findbugs\jsr305\1.3.9\jsr305-1.3.9.jar;C:\Users\Vika I\.m2\repository\org\checkerframework\checker-compat-qual\2.0.0\checker-compat-qual-2.0.0.jar;C:\Users\Vika I\.m2\repository\com\google\errorprone\error_prone_annotations\2.1.3\error_prone_annotations-2.1.3.jar;C:\Users\Vika I\.m2\repository\com\google\j2objc\j2objc-annotations\1.1\j2objc-annotations-1.1.jar;C:\Users\Vika I\.m2\repository\org\codehaus\mojo\animal-sniffer-annotations\1.14\animal-sniffer-annotations-1.14.jar;C:\Users\Vika I\.m2\repository\org\apache\httpcomponents\httpcore\4.4.6\httpcore-4.4.6.jar;C:\Users\Vika I\.m2\repository\com\squareup\okhttp3\okhttp\3.9.1\okhttp-3.9.1.jar;C:\Users\Vika I\.m2\repository\com\squareup\okio\okio\1.13.0\okio-1.13.0.jar;C:\Users\Vika I\.m2\repository\com\google\guava\guava-gwt\25.1-jre\guava-gwt-25.1-jre.jar;C:\Users\Vika I\.m2\repository\org\testng\testng\6.11\testng-6.11.jar;C:\Users\Vika I\.m2\repository\com\beust\jcommander\1.64\jcommander-1.64.jar;C:\Users\Vika I\.m2\repository\org\yaml\snakeyaml\1.17\snakeyaml-1.17.jar;C:\Users\Vika I\.m2\repository\log4j\log4j\1.2.16\log4j-1.2.16.jar;C:\Users\Vika I\.m2\repository\junit\junit\4.12\junit-4.12.jar;C:\Users\Vika I\.m2\repository\org\hamcrest\hamcrest-core\1.3\hamcrest-core-1.3.jar;C:\Users\Vika I\.m2\repository\org\seleniumhq\selenium\selenium-remote-driver\3.12.0\selenium-remote-driver-3.12.0.jar;C:\Users\Vika I\.m2\repository\ru\yandex\qatools\allure\allure-java-adaptor-api\1.5.4\allure-java-adaptor-api-1.5.4.jar;C:\Users\Vika I\.m2\repository\org\apache\tika\tika-core\1.7\tika-core-1.7.jar;C:\Users\Vika I\.m2\repository\org\slf4j\slf4j-api\1.8.0-beta2\slf4j-api-1.8.0-beta2.jar;C:\Users\Vika I\.m2\repository\io\github\bonigarcia\webdrivermanager\2.2.1\webdrivermanager-2.2.1.jar;C:\Users\Vika I\.m2\repository\commons-io\commons-io\2.5\commons-io-2.5.jar;C:\Users\Vika I\.m2\repository\com\google\code\gson\gson\2.8.0\gson-2.8.0.jar;C:\Users\Vika I\.m2\repository\org\apache\commons\commons-lang3\3.5\commons-lang3-3.5.jar;C:\Users\Vika I\.m2\repository\org\apache\httpcomponents\httpclient\4.5.3\httpclient-4.5.3.jar;C:\Users\Vika I\.m2\repository\org\rauschig\jarchivelib\0.7.1\jarchivelib-0.7.1.jar;C:\Users\Vika I\.m2\repository\org\apache\commons\commons-compress\1.9\commons-compress-1.9.jar;C:\Users\Vika I\.m2\repository\org\jsoup\jsoup\1.10.2\jsoup-1.10.2.jar;C:\Users\Vika I\.m2\repository\ch\qos\logback\logback-classic\1.2.3\logback-classic-1.2.3.jar;C:\Users\Vika I\.m2\repository\ch\qos\logback\logback-core\1.2.3\logback-core-1.2.3.jar;C:\Users\Vika I\.m2\repository\org\apache\maven\surefire\surefire-testng-utils\2.21.0\surefire-testng-utils-2.21.0.jar;C:\Users\Vika I\.m2\repository\org\apache\maven\surefire\surefire-grouper\2.21.0\surefire-grouper-2.21.0.jar;"/>
    <property name="sun.cpu.endian" value="little"/>
    <property name="user.home" value="C:\Users\Vika I"/>
    <property name="user.language" value="ru"/>
    <property name="java.specification.vendor" value="Oracle Corporation"/>
    <property name="java.home" value="C:\Java\jdk1.8.0_152\jre"/>
    <property name="basedir" value="F:\IdeaProjects\OTUS\MyHomeWork\forGitHub\TempTemp\JDIFirstExample"/>
    <property name="file.separator" value="\"/>
    <property name="line.separator" value="&#10;"/>
    <property name="java.vm.specification.vendor" value="Oracle Corporation"/>
    <property name="java.specification.name" value="Java Platform API Specification"/>
    <property name="java.awt.graphicsenv" value="sun.awt.Win32GraphicsEnvironment"/>
    <property name="surefire.real.class.path" value="C:\Users\VIKAI~1\AppData\Local\Temp\surefire6862250446452228330\surefirebooter6255701831215034735.jar"/>
    <property name="sun.boot.class.path" value="C:\Java\jdk1.8.0_152\jre\lib\resources.jar;C:\Java\jdk1.8.0_152\jre\lib\rt.jar;C:\Java\jdk1.8.0_152\jre\lib\sunrsasign.jar;C:\Java\jdk1.8.0_152\jre\lib\jsse.jar;C:\Java\jdk1.8.0_152\jre\lib\jce.jar;C:\Java\jdk1.8.0_152\jre\lib\charsets.jar;C:\Java\jdk1.8.0_152\jre\lib\jfr.jar;C:\Java\jdk1.8.0_152\jre\classes"/>
    <property name="user.script" value=""/>
    <property name="sun.management.compiler" value="HotSpot Client Compiler"/>
    <property name="java.runtime.version" value="1.8.0_152-b16"/>
    <property name="user.name" value="Vika I"/>
    <property name="path.separator" value=";"/>
    <property name="os.version" value="6.3"/>
    <property name="java.endorsed.dirs" value="C:\Java\jdk1.8.0_152\jre\lib\endorsed"/>
    <property name="java.runtime.name" value="Java(TM) SE Runtime Environment"/>
    <property name="file.encoding" value="Cp1251"/>
    <property name="browser" value="firefox"/>
    <property name="java.vm.name" value="Java HotSpot(TM) Client VM"/>
    <property name="localRepository" value="C:\Users\Vika I\.m2\repository"/>
    <property name="java.vendor.url.bug" value="http://bugreport.sun.com/bugreport/"/>
    <property name="java.io.tmpdir" value="C:\Users\VIKAI~1\AppData\Local\Temp\"/>
    <property name="idea.version" value="2017.2.7"/>
    <property name="java.version" value="1.8.0_152"/>
    <property name="user.dir" value="F:\IdeaProjects\OTUS\MyHomeWork\forGitHub\TempTemp\JDIFirstExample"/>
    <property name="os.arch" value="x86"/>
    <property name="webdriver.gecko.driver" value="/Library/WebDriver/gecko/geckodriver"/>
    <property name="java.vm.specification.name" value="Java Virtual Machine Specification"/>
    <property name="java.awt.printerjob" value="sun.awt.windows.WPrinterJob"/>
    <property name="sun.os.patch.level" value=""/>
    <property name="java.library.path" value="C:\Java\jdk1.8.0_152\jre\bin;C:\WINDOWS\Sun\Java\bin;C:\WINDOWS\system32;C:\WINDOWS;C:\Program Files (x86)\NVIDIA Corporation\PhysX\Common;C:\Program Files (x86)\Intel\iCLS Client\;C:\Program Files\Intel\iCLS Client\;C:\WINDOWS\system32;C:\WINDOWS;C:\WINDOWS\System32\Wbem;C:\WINDOWS\System32\WindowsPowerShell\v1.0\;C:\Program Files\Intel\Intel(R) Management Engine Components\DAL;C:\Program Files\Intel\Intel(R) Management Engine Components\IPT;C:\Program Files (x86)\Intel\Intel(R) Management Engine Components\DAL;C:\Program Files (x86)\Intel\Intel(R) Management Engine Components\IPT;C:\Program Files (x86)\Intel\OpenCL SDK\3.0\bin\x86;C:\Program Files (x86)\Intel\OpenCL SDK\3.0\bin\x64;C:\Java\jdk1.8.0_152\bin;C:\Program Files (x86)\Common Files\Acronis\SnapAPI\;C:\Java\Alure\allure-2.4.1\bin;C:\Program Files\Mozilla Firefox\firefox;C:\Program Files\Git\cmd;E:\JAVA_MAIN\Maven\apache-maven-3.5.2\bin;C:\Program Files (x86)\Common Files\Acronis\TibMounter64;."/>
    <property name="java.vm.info" value="mixed mode"/>
    <property name="java.vendor" value="Oracle Corporation"/>
    <property name="java.vm.version" value="25.152-b16"/>
    <property name="java.ext.dirs" value="C:\Java\jdk1.8.0_152\jre\lib\ext;C:\WINDOWS\Sun\Java\lib\ext"/>
    <property name="sun.io.unicode.encoding" value="UnicodeLittle"/>
    <property name="java.class.version" value="52.0"/>
  </properties>
  <testcase name="welcomePageTest" classname="ru.lesson.JDITest" time="20.017">
    <failure message="java.lang.AssertionError: Do action Open page &apos;EpamJDISite&apos; failed. Can&apos;t get result. Reason: java.lang.AssertionError: Can&apos;t get driver; Thread: 1&#10;Drivers: CHROME:com.epam.jdi.uitests.web.selenium.driver.SeleniumDriverFactory$$Lambda$36/4662612@1112965; Run: java.lang.ThreadLocal@3e4e87Exception: The driver executable does not exist: F:\IdeaProjects\OTUS\MyHomeWork\forGitHub\TempTemp\JDIFirstExample\src\main\resources\driver\chromedriver.exe" type="java.lang.RuntimeException">java.lang.RuntimeException: 
java.lang.AssertionError: Do action Open page 'EpamJDISite' failed. Can't get result. Reason: java.lang.AssertionError: Can't get driver; Thread: 1
Drivers: CHROME:com.epam.jdi.uitests.web.selenium.driver.SeleniumDriverFactory$$Lambda$36/4662612@1112965; Run: java.lang.ThreadLocal@3e4e87Exception: The driver executable does not exist: F:\IdeaProjects\OTUS\MyHomeWork\forGitHub\TempTemp\JDIFirstExample\src\main\resources\driver\chromedriver.exe
	at ru.lesson.JDITest.welcomePageTest(JDITest.java:14)
Caused by: java.lang.AssertionError: 
Do action Open page 'EpamJDISite' failed. Can't get result. Reason: java.lang.AssertionError: Can't get driver; Thread: 1
Drivers: CHROME:com.epam.jdi.uitests.web.selenium.driver.SeleniumDriverFactory$$Lambda$36/4662612@1112965; Run: java.lang.ThreadLocal@3e4e87Exception: The driver executable does not exist: F:\IdeaProjects\OTUS\MyHomeWork\forGitHub\TempTemp\JDIFirstExample\src\main\resources\driver\chromedriver.exe
	at ru.lesson.JDITest.welcomePageTest(JDITest.java:14)
</failure>
    <system-out><![CDATA[21:18.569 INFO: Init test run
21:19.184 INFO: Open page 'EpamJDISite' for EpamJDISite(http://blazedemo.com/)
]]></system-out>
  </testcase>
</testsuite>