<?xml version="1.0" encoding="UTF-8"?>
<!-- Generated by org.testng.reporters.JUnitReportReporter -->
<testsuite skipped="0" hostname="Vika" name="ru.lesson4.FirsTest" tests="1" failures="0" timestamp="09 мая 2018 18:06:48 GMT" time="0.003" errors="0">
  <testcase name="test4" time="0.003" classname="ru.lesson4.FirsTest"/>
</testsuite> <!-- ru.lesson4.FirsTest -->
