<?xml version="1.0" encoding="UTF-8"?>
<!-- Generated by org.testng.reporters.JUnitReportReporter -->
<testsuite skipped="0" hostname="Vika" name="ru.lesson4.FirstTest" tests="3" failures="0" timestamp="12 мая 2018 18:39:01 GMT" time="2.481" errors="0">
  <testcase name="test1" time="0.987" classname="ru.lesson4.FirstTest"/>
  <testcase name="test2" time="0.814" classname="ru.lesson4.FirstTest"/>
  <testcase name="test3" time="0.680" classname="ru.lesson4.FirstTest"/>
</testsuite> <!-- ru.lesson4.FirstTest -->
