<?xml version="1.0" encoding="UTF-8"?>
<!-- Generated by org.testng.reporters.JUnitReportReporter -->
<testsuite skipped="0" hostname="Vika" name="ru.lesson4.FirstTest" tests="3" failures="0" timestamp="11 мая 2018 16:56:52 GMT" time="2.521" errors="0">
  <testcase name="test3" time="0.739" classname="ru.lesson4.FirstTest"/>
  <testcase name="test1" time="0.936" classname="ru.lesson4.FirstTest"/>
  <testcase name="test2" time="0.846" classname="ru.lesson4.FirstTest"/>
</testsuite> <!-- ru.lesson4.FirstTest -->
